<?xml version="1.0" encoding="UTF-8"?>
<!-- Generated by org.testng.reporters.JUnitReportReporter -->
<testsuite hostname="Srinidhi" failures="0" tests="8" name="api_tests.FE_Sanity_test_Bulk_Data_Drift" time="417.905" errors="0" timestamp="2023-08-22T12:43:01 IST" skipped="0">
  <testcase classname="api_tests.FE_Sanity_test_Bulk_Data_Drift" name="logindatabuck" time="3.495"/>
  <system-out/>
  <testcase classname="api_tests.FE_Sanity_test_Bulk_Data_Drift" name="activate_check" time="5.546"/>
  <system-out/>
  <testcase classname="api_tests.FE_Sanity_test_Bulk_Data_Drift" name="approve_status_2" time="1.606"/>
  <system-out/>
  <testcase classname="api_tests.FE_Sanity_test_Bulk_Data_Drift" name="approve_status" time="1.533"/>
  <system-out/>
  <testcase classname="api_tests.FE_Sanity_test_Bulk_Data_Drift" name="search_validation" time="2.754"/>
  <system-out/>
  <testcase classname="api_tests.FE_Sanity_test_Bulk_Data_Drift" name="run_validation" time="100.522"/>
  <system-out/>
  <testcase classname="api_tests.FE_Sanity_test_Bulk_Data_Drift" name="run_validation_2" time="200.735"/>
  <system-out/>
  <testcase classname="api_tests.FE_Sanity_test_Bulk_Data_Drift" name="get_results" time="101.714"/>
  <system-out/>
</testsuite> <!-- api_tests.FE_Sanity_test_Bulk_Data_Drift -->
