<?xml version="1.0" encoding="UTF-8"?>
<!-- Generated by org.testng.reporters.JUnitReportReporter -->
<testsuite hostname="Srinidhi" failures="0" tests="16" name="api_tests.FE_Sanity_test_bulk_multiple_checks_2" time="368.396" errors="0" timestamp="2023-08-22T13:18:53 IST" skipped="0">
  <testcase classname="api_tests.FE_Sanity_test_bulk_multiple_checks_2" name="activate_check_max_length" time="3.559"/>
  <system-out/>
  <testcase classname="api_tests.FE_Sanity_test_bulk_multiple_checks_2" name="activate_check_def_chk" time="3.515"/>
  <system-out/>
  <testcase classname="api_tests.FE_Sanity_test_bulk_multiple_checks_2" name="approve_status" time="1.482"/>
  <system-out/>
  <testcase classname="api_tests.FE_Sanity_test_bulk_multiple_checks_2" name="get_results_def_check" time="7.658"/>
  <system-out/>
  <testcase classname="api_tests.FE_Sanity_test_bulk_multiple_checks_2" name="get_results_bad_data" time="100.752"/>
  <system-out/>
  <testcase classname="api_tests.FE_Sanity_test_bulk_multiple_checks_2" name="activate_check_def_pattern" time="3.501"/>
  <system-out/>
  <testcase classname="api_tests.FE_Sanity_test_bulk_multiple_checks_2" name="logindatabuck" time="3.613"/>
  <system-out/>
  <testcase classname="api_tests.FE_Sanity_test_bulk_multiple_checks_2" name="run_validation" time="200.465"/>
  <system-out/>
  <testcase classname="api_tests.FE_Sanity_test_bulk_multiple_checks_2" name="get_results_Length_chk" time="7.725"/>
  <system-out/>
  <testcase classname="api_tests.FE_Sanity_test_bulk_multiple_checks_2" name="get_results_regex_pattern" time="7.634"/>
  <system-out/>
  <testcase classname="api_tests.FE_Sanity_test_bulk_multiple_checks_2" name="get_results_def_pattern" time="7.689"/>
  <system-out/>
  <testcase classname="api_tests.FE_Sanity_test_bulk_multiple_checks_2" name="activate_check_regex_pattern" time="3.511"/>
  <system-out/>
  <testcase classname="api_tests.FE_Sanity_test_bulk_multiple_checks_2" name="activate_check_bad_data" time="3.469"/>
  <system-out/>
  <testcase classname="api_tests.FE_Sanity_test_bulk_multiple_checks_2" name="get_results_Max_length_check" time="7.671"/>
  <system-out/>
  <testcase classname="api_tests.FE_Sanity_test_bulk_multiple_checks_2" name="activate_check_length" time="3.505"/>
  <system-out/>
  <testcase classname="api_tests.FE_Sanity_test_bulk_multiple_checks_2" name="search_validation" time="2.647"/>
  <system-out/>
</testsuite> <!-- api_tests.FE_Sanity_test_bulk_multiple_checks_2 -->
