<?xml version="1.0" encoding="UTF-8"?>
<!-- Generated by org.testng.reporters.JUnitReportReporter -->
<testsuite hostname="Srinidhi" failures="0" tests="14" name="api_tests.FE_Sanity_test_bulk_flow_multiple_checks_1" time="258.427" errors="0" timestamp="2023-08-22T13:08:18 IST" skipped="0">
  <testcase classname="api_tests.FE_Sanity_test_bulk_flow_multiple_checks_1" name="activate_check_dup" time="3.516"/>
  <system-out/>
  <testcase classname="api_tests.FE_Sanity_test_bulk_flow_multiple_checks_1" name="get_results_date" time="2.869"/>
  <system-out/>
  <testcase classname="api_tests.FE_Sanity_test_bulk_flow_multiple_checks_1" name="activate_check_VA" time="3.549"/>
  <system-out/>
  <testcase classname="api_tests.FE_Sanity_test_bulk_flow_multiple_checks_1" name="activate_check_null" time="3.518"/>
  <system-out/>
  <testcase classname="api_tests.FE_Sanity_test_bulk_flow_multiple_checks_1" name="activate_check_Dis" time="3.603"/>
  <system-out/>
  <testcase classname="api_tests.FE_Sanity_test_bulk_flow_multiple_checks_1" name="search_validation" time="2.629"/>
  <system-out/>
  <testcase classname="api_tests.FE_Sanity_test_bulk_flow_multiple_checks_1" name="get_results_VA" time="8.476"/>
  <system-out/>
  <testcase classname="api_tests.FE_Sanity_test_bulk_flow_multiple_checks_1" name="approve_status" time="1.908"/>
  <system-out/>
  <testcase classname="api_tests.FE_Sanity_test_bulk_flow_multiple_checks_1" name="get_results_dup" time="3.443"/>
  <system-out/>
  <testcase classname="api_tests.FE_Sanity_test_bulk_flow_multiple_checks_1" name="activate_check_date" time="3.470"/>
  <system-out/>
  <testcase classname="api_tests.FE_Sanity_test_bulk_flow_multiple_checks_1" name="logindatabuck" time="3.498"/>
  <system-out/>
  <testcase classname="api_tests.FE_Sanity_test_bulk_flow_multiple_checks_1" name="get_results_dis" time="8.384"/>
  <system-out/>
  <testcase classname="api_tests.FE_Sanity_test_bulk_flow_multiple_checks_1" name="get_results_null" time="8.641"/>
  <system-out/>
  <testcase classname="api_tests.FE_Sanity_test_bulk_flow_multiple_checks_1" name="run_validation" time="200.923"/>
  <system-out/>
</testsuite> <!-- api_tests.FE_Sanity_test_bulk_flow_multiple_checks_1 -->
